Release 14.7 - xst P.20131013 (nt)
Copyright (c) 1995-2013 Xilinx, Inc.  All rights reserved.
--> Parameter TMPDIR set to xst/projnav.tmp


Total REAL time to Xst completion: 0.00 secs
Total CPU time to Xst completion: 0.12 secs
 
--> Parameter xsthdpdir set to xst


Total REAL time to Xst completion: 0.00 secs
Total CPU time to Xst completion: 0.12 secs
 
--> Reading design: bishift_series_8.prj

TABLE OF CONTENTS
  1) Synthesis Options Summary
  2) HDL Parsing
  3) HDL Elaboration
  4) HDL Synthesis
       4.1) HDL Synthesis Report
  5) Advanced HDL Synthesis
       5.1) Advanced HDL Synthesis Report
  6) Low Level Synthesis
  7) Partition Report
  8) Design Summary
       8.1) Primitive and Black Box Usage
       8.2) Device utilization summary
       8.3) Partition Resource Summary
       8.4) Timing Report
            8.4.1) Clock Information
            8.4.2) Asynchronous Control Signals Information
            8.4.3) Timing Summary
            8.4.4) Timing Details
            8.4.5) Cross Clock Domains Report


=========================================================================
*                      Synthesis Options Summary                        *
=========================================================================
---- Source Parameters
Input File Name                    : "bishift_series_8.prj"
Ignore Synthesis Constraint File   : NO

---- Target Parameters
Output File Name                   : "bishift_series_8"
Output Format                      : NGC
Target Device                      : xc6slx4-2-tqg144

---- Source Options
Top Module Name                    : bishift_series_8
Automatic FSM Extraction           : YES
FSM Encoding Algorithm             : Auto
Safe Implementation                : No
FSM Style                          : LUT
RAM Extraction                     : Yes
RAM Style                          : Auto
ROM Extraction                     : Yes
Shift Register Extraction          : YES
ROM Style                          : Auto
Resource Sharing                   : YES
Asynchronous To Synchronous        : NO
Shift Register Minimum Size        : 2
Use DSP Block                      : Auto
Automatic Register Balancing       : No

---- Target Options
LUT Combining                      : Auto
Reduce Control Sets                : Auto
Add IO Buffers                     : YES
Global Maximum Fanout              : 100000
Add Generic Clock Buffer(BUFG)     : 16
Register Duplication               : YES
Optimize Instantiated Primitives   : NO
Use Clock Enable                   : Auto
Use Synchronous Set                : Auto
Use Synchronous Reset              : Auto
Pack IO Registers into IOBs        : Auto
Equivalent register Removal        : YES

---- General Options
Optimization Goal                  : Speed
Optimization Effort                : 1
Power Reduction                    : NO
Keep Hierarchy                     : No
Netlist Hierarchy                  : As_Optimized
RTL Output                         : Yes
Global Optimization                : AllClockNets
Read Cores                         : YES
Write Timing Constraints           : NO
Cross Clock Analysis               : NO
Hierarchy Separator                : /
Bus Delimiter                      : <>
Case Specifier                     : Maintain
Slice Utilization Ratio            : 100
BRAM Utilization Ratio             : 100
DSP48 Utilization Ratio            : 100
Auto BRAM Packing                  : NO
Slice Utilization Ratio Delta      : 5

=========================================================================


=========================================================================
*                          HDL Parsing                                  *
=========================================================================
Analyzing Verilog file "F:\BTECH\Mini Project\Barell shifter\ISE\8 bit series bi-directional logical shifter\bishift_series_8\bishift_series_8.v" into library work
Parsing module <mux2x1>.
Parsing module <rshift_8>.
Parsing module <lshift_8>.
Parsing module <bishift_series_8>.

=========================================================================
*                            HDL Elaboration                            *
=========================================================================
WARNING:HDLCompiler:1016 - "F:\BTECH\Mini Project\Barell shifter\ISE\8 bit series bi-directional logical shifter\bishift_series_8\bishift_series_8.v" Line 177: Port y0 is not connected to this instance
WARNING:HDLCompiler:1016 - "F:\BTECH\Mini Project\Barell shifter\ISE\8 bit series bi-directional logical shifter\bishift_series_8\bishift_series_8.v" Line 178: Port y0 is not connected to this instance

Elaborating module <bishift_series_8>.

Elaborating module <rshift_8>.

Elaborating module <mux2x1>.

Elaborating module <lshift_8>.

=========================================================================
*                           HDL Synthesis                               *
=========================================================================

Synthesizing Unit <bishift_series_8>.
    Related source file is "F:\BTECH\Mini Project\Barell shifter\ISE\8 bit series bi-directional logical shifter\bishift_series_8\bishift_series_8.v".
INFO:Xst:3210 - "F:\BTECH\Mini Project\Barell shifter\ISE\8 bit series bi-directional logical shifter\bishift_series_8\bishift_series_8.v" line 177: Output port <y0> of the instance <r_1> is unconnected or connected to loadless signal.
INFO:Xst:3210 - "F:\BTECH\Mini Project\Barell shifter\ISE\8 bit series bi-directional logical shifter\bishift_series_8\bishift_series_8.v" line 177: Output port <y1> of the instance <r_1> is unconnected or connected to loadless signal.
INFO:Xst:3210 - "F:\BTECH\Mini Project\Barell shifter\ISE\8 bit series bi-directional logical shifter\bishift_series_8\bishift_series_8.v" line 177: Output port <y2> of the instance <r_1> is unconnected or connected to loadless signal.
INFO:Xst:3210 - "F:\BTECH\Mini Project\Barell shifter\ISE\8 bit series bi-directional logical shifter\bishift_series_8\bishift_series_8.v" line 177: Output port <y3> of the instance <r_1> is unconnected or connected to loadless signal.
INFO:Xst:3210 - "F:\BTECH\Mini Project\Barell shifter\ISE\8 bit series bi-directional logical shifter\bishift_series_8\bishift_series_8.v" line 177: Output port <y4> of the instance <r_1> is unconnected or connected to loadless signal.
INFO:Xst:3210 - "F:\BTECH\Mini Project\Barell shifter\ISE\8 bit series bi-directional logical shifter\bishift_series_8\bishift_series_8.v" line 177: Output port <y5> of the instance <r_1> is unconnected or connected to loadless signal.
INFO:Xst:3210 - "F:\BTECH\Mini Project\Barell shifter\ISE\8 bit series bi-directional logical shifter\bishift_series_8\bishift_series_8.v" line 177: Output port <y6> of the instance <r_1> is unconnected or connected to loadless signal.
INFO:Xst:3210 - "F:\BTECH\Mini Project\Barell shifter\ISE\8 bit series bi-directional logical shifter\bishift_series_8\bishift_series_8.v" line 177: Output port <y7> of the instance <r_1> is unconnected or connected to loadless signal.
INFO:Xst:3210 - "F:\BTECH\Mini Project\Barell shifter\ISE\8 bit series bi-directional logical shifter\bishift_series_8\bishift_series_8.v" line 177: Output port <z0> of the instance <r_1> is unconnected or connected to loadless signal.
INFO:Xst:3210 - "F:\BTECH\Mini Project\Barell shifter\ISE\8 bit series bi-directional logical shifter\bishift_series_8\bishift_series_8.v" line 177: Output port <z1> of the instance <r_1> is unconnected or connected to loadless signal.
INFO:Xst:3210 - "F:\BTECH\Mini Project\Barell shifter\ISE\8 bit series bi-directional logical shifter\bishift_series_8\bishift_series_8.v" line 177: Output port <z2> of the instance <r_1> is unconnected or connected to loadless signal.
INFO:Xst:3210 - "F:\BTECH\Mini Project\Barell shifter\ISE\8 bit series bi-directional logical shifter\bishift_series_8\bishift_series_8.v" line 177: Output port <z3> of the instance <r_1> is unconnected or connected to loadless signal.
INFO:Xst:3210 - "F:\BTECH\Mini Project\Barell shifter\ISE\8 bit series bi-directional logical shifter\bishift_series_8\bishift_series_8.v" line 177: Output port <z4> of the instance <r_1> is unconnected or connected to loadless signal.
INFO:Xst:3210 - "F:\BTECH\Mini Project\Barell shifter\ISE\8 bit series bi-directional logical shifter\bishift_series_8\bishift_series_8.v" line 177: Output port <z5> of the instance <r_1> is unconnected or connected to loadless signal.
INFO:Xst:3210 - "F:\BTECH\Mini Project\Barell shifter\ISE\8 bit series bi-directional logical shifter\bishift_series_8\bishift_series_8.v" line 177: Output port <z6> of the instance <r_1> is unconnected or connected to loadless signal.
INFO:Xst:3210 - "F:\BTECH\Mini Project\Barell shifter\ISE\8 bit series bi-directional logical shifter\bishift_series_8\bishift_series_8.v" line 177: Output port <z7> of the instance <r_1> is unconnected or connected to loadless signal.
INFO:Xst:3210 - "F:\BTECH\Mini Project\Barell shifter\ISE\8 bit series bi-directional logical shifter\bishift_series_8\bishift_series_8.v" line 177: Output port <zero> of the instance <r_1> is unconnected or connected to loadless signal.
INFO:Xst:3210 - "F:\BTECH\Mini Project\Barell shifter\ISE\8 bit series bi-directional logical shifter\bishift_series_8\bishift_series_8.v" line 178: Output port <sel> of the instance <l_1> is unconnected or connected to loadless signal.
INFO:Xst:3210 - "F:\BTECH\Mini Project\Barell shifter\ISE\8 bit series bi-directional logical shifter\bishift_series_8\bishift_series_8.v" line 178: Output port <y0> of the instance <l_1> is unconnected or connected to loadless signal.
INFO:Xst:3210 - "F:\BTECH\Mini Project\Barell shifter\ISE\8 bit series bi-directional logical shifter\bishift_series_8\bishift_series_8.v" line 178: Output port <y1> of the instance <l_1> is unconnected or connected to loadless signal.
INFO:Xst:3210 - "F:\BTECH\Mini Project\Barell shifter\ISE\8 bit series bi-directional logical shifter\bishift_series_8\bishift_series_8.v" line 178: Output port <y2> of the instance <l_1> is unconnected or connected to loadless signal.
INFO:Xst:3210 - "F:\BTECH\Mini Project\Barell shifter\ISE\8 bit series bi-directional logical shifter\bishift_series_8\bishift_series_8.v" line 178: Output port <y3> of the instance <l_1> is unconnected or connected to loadless signal.
INFO:Xst:3210 - "F:\BTECH\Mini Project\Barell shifter\ISE\8 bit series bi-directional logical shifter\bishift_series_8\bishift_series_8.v" line 178: Output port <y4> of the instance <l_1> is unconnected or connected to loadless signal.
INFO:Xst:3210 - "F:\BTECH\Mini Project\Barell shifter\ISE\8 bit series bi-directional logical shifter\bishift_series_8\bishift_series_8.v" line 178: Output port <y5> of the instance <l_1> is unconnected or connected to loadless signal.
INFO:Xst:3210 - "F:\BTECH\Mini Project\Barell shifter\ISE\8 bit series bi-directional logical shifter\bishift_series_8\bishift_series_8.v" line 178: Output port <y6> of the instance <l_1> is unconnected or connected to loadless signal.
INFO:Xst:3210 - "F:\BTECH\Mini Project\Barell shifter\ISE\8 bit series bi-directional logical shifter\bishift_series_8\bishift_series_8.v" line 178: Output port <y7> of the instance <l_1> is unconnected or connected to loadless signal.
INFO:Xst:3210 - "F:\BTECH\Mini Project\Barell shifter\ISE\8 bit series bi-directional logical shifter\bishift_series_8\bishift_series_8.v" line 178: Output port <z0> of the instance <l_1> is unconnected or connected to loadless signal.
INFO:Xst:3210 - "F:\BTECH\Mini Project\Barell shifter\ISE\8 bit series bi-directional logical shifter\bishift_series_8\bishift_series_8.v" line 178: Output port <z1> of the instance <l_1> is unconnected or connected to loadless signal.
INFO:Xst:3210 - "F:\BTECH\Mini Project\Barell shifter\ISE\8 bit series bi-directional logical shifter\bishift_series_8\bishift_series_8.v" line 178: Output port <z2> of the instance <l_1> is unconnected or connected to loadless signal.
INFO:Xst:3210 - "F:\BTECH\Mini Project\Barell shifter\ISE\8 bit series bi-directional logical shifter\bishift_series_8\bishift_series_8.v" line 178: Output port <z3> of the instance <l_1> is unconnected or connected to loadless signal.
INFO:Xst:3210 - "F:\BTECH\Mini Project\Barell shifter\ISE\8 bit series bi-directional logical shifter\bishift_series_8\bishift_series_8.v" line 178: Output port <z4> of the instance <l_1> is unconnected or connected to loadless signal.
INFO:Xst:3210 - "F:\BTECH\Mini Project\Barell shifter\ISE\8 bit series bi-directional logical shifter\bishift_series_8\bishift_series_8.v" line 178: Output port <z5> of the instance <l_1> is unconnected or connected to loadless signal.
INFO:Xst:3210 - "F:\BTECH\Mini Project\Barell shifter\ISE\8 bit series bi-directional logical shifter\bishift_series_8\bishift_series_8.v" line 178: Output port <z6> of the instance <l_1> is unconnected or connected to loadless signal.
INFO:Xst:3210 - "F:\BTECH\Mini Project\Barell shifter\ISE\8 bit series bi-directional logical shifter\bishift_series_8\bishift_series_8.v" line 178: Output port <z7> of the instance <l_1> is unconnected or connected to loadless signal.
INFO:Xst:3210 - "F:\BTECH\Mini Project\Barell shifter\ISE\8 bit series bi-directional logical shifter\bishift_series_8\bishift_series_8.v" line 178: Output port <zero> of the instance <l_1> is unconnected or connected to loadless signal.
    Summary:
	no macro.
Unit <bishift_series_8> synthesized.

Synthesizing Unit <rshift_8>.
    Related source file is "F:\BTECH\Mini Project\Barell shifter\ISE\8 bit series bi-directional logical shifter\bishift_series_8\bishift_series_8.v".
    Summary:
	no macro.
Unit <rshift_8> synthesized.

Synthesizing Unit <mux2x1>.
    Related source file is "F:\BTECH\Mini Project\Barell shifter\ISE\8 bit series bi-directional logical shifter\bishift_series_8\bishift_series_8.v".
    Summary:
	inferred   1 Multiplexer(s).
Unit <mux2x1> synthesized.

Synthesizing Unit <lshift_8>.
    Related source file is "F:\BTECH\Mini Project\Barell shifter\ISE\8 bit series bi-directional logical shifter\bishift_series_8\bishift_series_8.v".
    Summary:
	no macro.
Unit <lshift_8> synthesized.

=========================================================================
HDL Synthesis Report

Macro Statistics
# Multiplexers                                         : 48
 1-bit 2-to-1 multiplexer                              : 48

=========================================================================

=========================================================================
*                       Advanced HDL Synthesis                          *
=========================================================================


=========================================================================
Advanced HDL Synthesis Report

Macro Statistics
# Multiplexers                                         : 48
 1-bit 2-to-1 multiplexer                              : 48

=========================================================================

=========================================================================
*                         Low Level Synthesis                           *
=========================================================================

Optimizing unit <bishift_series_8> ...

Mapping all equations...
Building and optimizing final netlist ...
Found area constraint ratio of 100 (+ 5) on block bishift_series_8, actual ratio is 2.

Final Macro Processing ...

=========================================================================
Final Register Report

Found no macro
=========================================================================

=========================================================================
*                           Partition Report                            *
=========================================================================

Partition Implementation Status
-------------------------------

  No Partitions were found in this design.

-------------------------------

=========================================================================
*                            Design Summary                             *
=========================================================================

Top Level Output File Name         : bishift_series_8.ngc

Primitive and Black Box Usage:
------------------------------
# BELS                             : 37
#      INV                         : 1
#      LUT2                        : 6
#      LUT4                        : 2
#      LUT5                        : 5
#      LUT6                        : 19
#      MUXF7                       : 4
# IO Buffers                       : 35
#      IBUF                        : 12
#      OBUF                        : 23

Device utilization summary:
---------------------------

Selected Device : 6slx4tqg144-2 


Slice Logic Utilization: 
 Number of Slice LUTs:                   33  out of   2400     1%  
    Number used as Logic:                33  out of   2400     1%  

Slice Logic Distribution: 
 Number of LUT Flip Flop pairs used:     33
   Number with an unused Flip Flop:      33  out of     33   100%  
   Number with an unused LUT:             0  out of     33     0%  
   Number of fully used LUT-FF pairs:     0  out of     33     0%  
   Number of unique control sets:         0

IO Utilization: 
 Number of IOs:                          35
 Number of bonded IOBs:                  35  out of    102    34%  

Specific Feature Utilization:

---------------------------
Partition Resource Summary:
---------------------------

  No Partitions were found in this design.

---------------------------


=========================================================================
Timing Report

NOTE: THESE TIMING NUMBERS ARE ONLY A SYNTHESIS ESTIMATE.
      FOR ACCURATE TIMING INFORMATION PLEASE REFER TO THE TRACE REPORT
      GENERATED AFTER PLACE-and-ROUTE.

Clock Information:
------------------
No clock signals found in this design

Asynchronous Control Signals Information:
----------------------------------------
No asynchronous control signals found in this design

Timing Summary:
---------------
Speed Grade: -2

   Minimum period: No path found
   Minimum input arrival time before clock: No path found
   Maximum output required time after clock: No path found
   Maximum combinational path delay: 12.361ns

Timing Details:
---------------
All values displayed in nanoseconds (ns)

=========================================================================
Timing constraint: Default path analysis
  Total number of paths / destination ports: 696 / 23
-------------------------------------------------------------------------
Delay:               12.361ns (Levels of Logic = 7)
  Source:            right (PAD)
  Destination:       out<4> (PAD)

  Data Path: right to out<4>
                                Gate     Net
    Cell:in->out      fanout   Delay   Delay  Logical Name (Net Name)
    ----------------------------------------  ------------
     IBUF:I->O            17   1.328   1.317  right_IBUF (right_IBUF)
     LUT2:I0->O            9   0.250   1.431  selr<0>1 (selr_0_OBUF)
     LUT6:I0->O            1   0.254   1.137  r_1/rm21/Mmux_m_out111 (r_1/rm21/Mmux_m_out11)
     LUT6:I0->O            6   0.254   1.152  r_1/rm21/Mmux_m_out112 (c_3_OBUF)
     LUT6:I2->O            1   0.254   1.137  l_1/m20/Mmux_m_out121 (l_1/m20/Mmux_m_out12)
     LUT6:I0->O            1   0.254   0.681  l_1/m20/Mmux_m_out122 (out_4_OBUF)
     OBUF:I->O                 2.912          out_4_OBUF (out<4>)
    ----------------------------------------
    Total                     12.361ns (5.506ns logic, 6.855ns route)
                                       (44.5% logic, 55.5% route)

=========================================================================

Cross Clock Domains Report:
--------------------------

=========================================================================


Total REAL time to Xst completion: 4.00 secs
Total CPU time to Xst completion: 4.60 secs
 
--> 

Total memory usage is 244592 kilobytes

Number of errors   :    0 (   0 filtered)
Number of warnings :    2 (   0 filtered)
Number of infos    :   35 (   0 filtered)

