Running: C:\Xilinx\14.7\ISE_DS\ISE\bin\nt64\unwrapped\fuse.exe -intstyle ise -incremental -lib unisims_ver -lib unimacro_ver -lib xilinxcorelib_ver -lib secureip -o F:/BTECH/Mini Project/Barell shifter/ISE/8 bit masking rotating shifter/mrs_8/t_mrs_8_isim_beh.exe -prj F:/BTECH/Mini Project/Barell shifter/ISE/8 bit masking rotating shifter/mrs_8/t_mrs_8_beh.prj work.t_mrs_8 work.glbl 
ISim P.20131013 (signature 0x7708f090)
Number of CPUs detected in this system: 4
Turning on mult-threading, number of parallel sub-compilation jobs: 8 
Determining compilation order of HDL files
Analyzing Verilog file "F:/BTECH/Mini Project/Barell shifter/ISE/8 bit masking rotating shifter/mrs_8/mrs_8.v" into library work
Analyzing Verilog file "F:/BTECH/Mini Project/Barell shifter/ISE/8 bit masking rotating shifter/mrs_8/t_mrs_8.v" into library work
Analyzing Verilog file "C:/Xilinx/14.7/ISE_DS/ISE//verilog/src/glbl.v" into library work
Starting static elaboration
WARNING:HDLCompiler:1016 - "F:/BTECH/Mini Project/Barell shifter/ISE/8 bit masking rotating shifter/mrs_8/t_mrs_8.v" Line 36: Port inv_mask is not connected to this instance
WARNING:HDLCompiler:1016 - "F:/BTECH/Mini Project/Barell shifter/ISE/8 bit masking rotating shifter/mrs_8/mrs_8.v" Line 286: Port db0 is not connected to this instance
WARNING:HDLCompiler:1016 - "F:/BTECH/Mini Project/Barell shifter/ISE/8 bit masking rotating shifter/mrs_8/mrs_8.v" Line 326: Port sel is not connected to this instance
WARNING:HDLCompiler:1016 - "F:/BTECH/Mini Project/Barell shifter/ISE/8 bit masking rotating shifter/mrs_8/mrs_8.v" Line 339: Port e is not connected to this instance
WARNING:HDLCompiler:1016 - "F:/BTECH/Mini Project/Barell shifter/ISE/8 bit masking rotating shifter/mrs_8/mrs_8.v" Line 173: Port y0 is not connected to this instance
Completed static elaboration
Compiling module inv_mask_decoder
Compiling module mux2x1
Compiling module lrot_8
Compiling module rr_1
Compiling module rrot_8
Compiling module onescplbidir_rot_8
Compiling module mux4x1
Compiling module mrs_8
Compiling module t_mrs_8
Compiling module glbl
Time Resolution for simulation is 1ps.
Waiting for 1 sub-compilation(s) to finish...
Compiled 10 Verilog Units
Built simulation executable F:/BTECH/Mini Project/Barell shifter/ISE/8 bit masking rotating shifter/mrs_8/t_mrs_8_isim_beh.exe
Fuse Memory Usage: 28772 KB
Fuse CPU Usage: 546 ms
