Release 14.7 - xst P.20131013 (nt64)
Copyright (c) 1995-2013 Xilinx, Inc.  All rights reserved.
--> Parameter TMPDIR set to xst/projnav.tmp


Total REAL time to Xst completion: 1.00 secs
Total CPU time to Xst completion: 1.28 secs
 
--> Parameter xsthdpdir set to xst


Total REAL time to Xst completion: 1.00 secs
Total CPU time to Xst completion: 1.28 secs
 
--> Reading design: mrs_8.prj

TABLE OF CONTENTS
  1) Synthesis Options Summary
  2) HDL Parsing
  3) HDL Elaboration
  4) HDL Synthesis
       4.1) HDL Synthesis Report
  5) Advanced HDL Synthesis
       5.1) Advanced HDL Synthesis Report
  6) Low Level Synthesis
  7) Partition Report
  8) Design Summary
       8.1) Primitive and Black Box Usage
       8.2) Device utilization summary
       8.3) Partition Resource Summary
       8.4) Timing Report
            8.4.1) Clock Information
            8.4.2) Asynchronous Control Signals Information
            8.4.3) Timing Summary
            8.4.4) Timing Details
            8.4.5) Cross Clock Domains Report


=========================================================================
*                      Synthesis Options Summary                        *
=========================================================================
---- Source Parameters
Input File Name                    : "mrs_8.prj"
Ignore Synthesis Constraint File   : NO

---- Target Parameters
Output File Name                   : "mrs_8"
Output Format                      : NGC
Target Device                      : xc6slx75t-2-fgg676

---- Source Options
Top Module Name                    : mrs_8
Automatic FSM Extraction           : YES
FSM Encoding Algorithm             : Auto
Safe Implementation                : No
FSM Style                          : LUT
RAM Extraction                     : Yes
RAM Style                          : Auto
ROM Extraction                     : Yes
Shift Register Extraction          : YES
ROM Style                          : Auto
Resource Sharing                   : YES
Asynchronous To Synchronous        : NO
Shift Register Minimum Size        : 2
Use DSP Block                      : Auto
Automatic Register Balancing       : No

---- Target Options
LUT Combining                      : Auto
Reduce Control Sets                : Auto
Add IO Buffers                     : YES
Global Maximum Fanout              : 100000
Add Generic Clock Buffer(BUFG)     : 16
Register Duplication               : YES
Optimize Instantiated Primitives   : NO
Use Clock Enable                   : Auto
Use Synchronous Set                : Auto
Use Synchronous Reset              : Auto
Pack IO Registers into IOBs        : Auto
Equivalent register Removal        : YES

---- General Options
Optimization Goal                  : Speed
Optimization Effort                : 1
Power Reduction                    : NO
Keep Hierarchy                     : No
Netlist Hierarchy                  : As_Optimized
RTL Output                         : Yes
Global Optimization                : AllClockNets
Read Cores                         : YES
Write Timing Constraints           : NO
Cross Clock Analysis               : NO
Hierarchy Separator                : /
Bus Delimiter                      : <>
Case Specifier                     : Maintain
Slice Utilization Ratio            : 100
BRAM Utilization Ratio             : 100
DSP48 Utilization Ratio            : 100
Auto BRAM Packing                  : NO
Slice Utilization Ratio Delta      : 5

=========================================================================


=========================================================================
*                          HDL Parsing                                  *
=========================================================================
Analyzing Verilog file "F:\BTECH\Mini Project\Barell shifter\ISE\8 bit masking rotating shifter\mrs_8\mrs_8.v" into library work
Parsing module <mux2x1>.
Parsing module <mux4x1>.
Parsing module <lrot_8>.
Parsing module <rrot_8>.
Parsing module <rr_1>.
Parsing module <onescplbidir_rot_8>.
Parsing module <inv_mask_decoder>.
Parsing module <mrs_8>.

=========================================================================
*                            HDL Elaboration                            *
=========================================================================
WARNING:HDLCompiler:1016 - "F:\BTECH\Mini Project\Barell shifter\ISE\8 bit masking rotating shifter\mrs_8\mrs_8.v" Line 286: Port db0 is not connected to this instance
WARNING:HDLCompiler:1016 - "F:\BTECH\Mini Project\Barell shifter\ISE\8 bit masking rotating shifter\mrs_8\mrs_8.v" Line 326: Port sel is not connected to this instance
WARNING:HDLCompiler:1016 - "F:\BTECH\Mini Project\Barell shifter\ISE\8 bit masking rotating shifter\mrs_8\mrs_8.v" Line 339: Port e is not connected to this instance

Elaborating module <mrs_8>.

Elaborating module <inv_mask_decoder>.

Elaborating module <lrot_8>.

Elaborating module <mux2x1>.
WARNING:HDLCompiler:1016 - "F:\BTECH\Mini Project\Barell shifter\ISE\8 bit masking rotating shifter\mrs_8\mrs_8.v" Line 173: Port y0 is not connected to this instance

Elaborating module <onescplbidir_rot_8>.

Elaborating module <rr_1>.

Elaborating module <rrot_8>.

Elaborating module <mux4x1>.

=========================================================================
*                           HDL Synthesis                               *
=========================================================================

Synthesizing Unit <mrs_8>.
    Related source file is "F:\BTECH\Mini Project\Barell shifter\ISE\8 bit masking rotating shifter\mrs_8\mrs_8.v".
INFO:Xst:3210 - "F:\BTECH\Mini Project\Barell shifter\ISE\8 bit masking rotating shifter\mrs_8\mrs_8.v" line 286: Output port <db0> of the instance <imd> is unconnected or connected to loadless signal.
INFO:Xst:3210 - "F:\BTECH\Mini Project\Barell shifter\ISE\8 bit masking rotating shifter\mrs_8\mrs_8.v" line 286: Output port <db1> of the instance <imd> is unconnected or connected to loadless signal.
INFO:Xst:3210 - "F:\BTECH\Mini Project\Barell shifter\ISE\8 bit masking rotating shifter\mrs_8\mrs_8.v" line 286: Output port <db2> of the instance <imd> is unconnected or connected to loadless signal.
INFO:Xst:3210 - "F:\BTECH\Mini Project\Barell shifter\ISE\8 bit masking rotating shifter\mrs_8\mrs_8.v" line 286: Output port <g01> of the instance <imd> is unconnected or connected to loadless signal.
INFO:Xst:3210 - "F:\BTECH\Mini Project\Barell shifter\ISE\8 bit masking rotating shifter\mrs_8\mrs_8.v" line 286: Output port <g02> of the instance <imd> is unconnected or connected to loadless signal.
INFO:Xst:3210 - "F:\BTECH\Mini Project\Barell shifter\ISE\8 bit masking rotating shifter\mrs_8\mrs_8.v" line 286: Output port <g03> of the instance <imd> is unconnected or connected to loadless signal.
INFO:Xst:3210 - "F:\BTECH\Mini Project\Barell shifter\ISE\8 bit masking rotating shifter\mrs_8\mrs_8.v" line 286: Output port <go4> of the instance <imd> is unconnected or connected to loadless signal.
INFO:Xst:3210 - "F:\BTECH\Mini Project\Barell shifter\ISE\8 bit masking rotating shifter\mrs_8\mrs_8.v" line 286: Output port <go5> of the instance <imd> is unconnected or connected to loadless signal.
INFO:Xst:3210 - "F:\BTECH\Mini Project\Barell shifter\ISE\8 bit masking rotating shifter\mrs_8\mrs_8.v" line 286: Output port <go6> of the instance <imd> is unconnected or connected to loadless signal.
INFO:Xst:3210 - "F:\BTECH\Mini Project\Barell shifter\ISE\8 bit masking rotating shifter\mrs_8\mrs_8.v" line 286: Output port <go7> of the instance <imd> is unconnected or connected to loadless signal.
INFO:Xst:3210 - "F:\BTECH\Mini Project\Barell shifter\ISE\8 bit masking rotating shifter\mrs_8\mrs_8.v" line 286: Output port <m7> of the instance <imd> is unconnected or connected to loadless signal.
INFO:Xst:3210 - "F:\BTECH\Mini Project\Barell shifter\ISE\8 bit masking rotating shifter\mrs_8\mrs_8.v" line 326: Output port <sel> of the instance <lm> is unconnected or connected to loadless signal.
INFO:Xst:3210 - "F:\BTECH\Mini Project\Barell shifter\ISE\8 bit masking rotating shifter\mrs_8\mrs_8.v" line 326: Output port <y0> of the instance <lm> is unconnected or connected to loadless signal.
INFO:Xst:3210 - "F:\BTECH\Mini Project\Barell shifter\ISE\8 bit masking rotating shifter\mrs_8\mrs_8.v" line 326: Output port <y1> of the instance <lm> is unconnected or connected to loadless signal.
INFO:Xst:3210 - "F:\BTECH\Mini Project\Barell shifter\ISE\8 bit masking rotating shifter\mrs_8\mrs_8.v" line 326: Output port <y2> of the instance <lm> is unconnected or connected to loadless signal.
INFO:Xst:3210 - "F:\BTECH\Mini Project\Barell shifter\ISE\8 bit masking rotating shifter\mrs_8\mrs_8.v" line 326: Output port <y3> of the instance <lm> is unconnected or connected to loadless signal.
INFO:Xst:3210 - "F:\BTECH\Mini Project\Barell shifter\ISE\8 bit masking rotating shifter\mrs_8\mrs_8.v" line 326: Output port <y4> of the instance <lm> is unconnected or connected to loadless signal.
INFO:Xst:3210 - "F:\BTECH\Mini Project\Barell shifter\ISE\8 bit masking rotating shifter\mrs_8\mrs_8.v" line 326: Output port <y5> of the instance <lm> is unconnected or connected to loadless signal.
INFO:Xst:3210 - "F:\BTECH\Mini Project\Barell shifter\ISE\8 bit masking rotating shifter\mrs_8\mrs_8.v" line 326: Output port <y6> of the instance <lm> is unconnected or connected to loadless signal.
INFO:Xst:3210 - "F:\BTECH\Mini Project\Barell shifter\ISE\8 bit masking rotating shifter\mrs_8\mrs_8.v" line 326: Output port <y7> of the instance <lm> is unconnected or connected to loadless signal.
INFO:Xst:3210 - "F:\BTECH\Mini Project\Barell shifter\ISE\8 bit masking rotating shifter\mrs_8\mrs_8.v" line 326: Output port <z0> of the instance <lm> is unconnected or connected to loadless signal.
INFO:Xst:3210 - "F:\BTECH\Mini Project\Barell shifter\ISE\8 bit masking rotating shifter\mrs_8\mrs_8.v" line 326: Output port <z1> of the instance <lm> is unconnected or connected to loadless signal.
INFO:Xst:3210 - "F:\BTECH\Mini Project\Barell shifter\ISE\8 bit masking rotating shifter\mrs_8\mrs_8.v" line 326: Output port <z2> of the instance <lm> is unconnected or connected to loadless signal.
INFO:Xst:3210 - "F:\BTECH\Mini Project\Barell shifter\ISE\8 bit masking rotating shifter\mrs_8\mrs_8.v" line 326: Output port <z3> of the instance <lm> is unconnected or connected to loadless signal.
INFO:Xst:3210 - "F:\BTECH\Mini Project\Barell shifter\ISE\8 bit masking rotating shifter\mrs_8\mrs_8.v" line 326: Output port <z4> of the instance <lm> is unconnected or connected to loadless signal.
INFO:Xst:3210 - "F:\BTECH\Mini Project\Barell shifter\ISE\8 bit masking rotating shifter\mrs_8\mrs_8.v" line 326: Output port <z5> of the instance <lm> is unconnected or connected to loadless signal.
INFO:Xst:3210 - "F:\BTECH\Mini Project\Barell shifter\ISE\8 bit masking rotating shifter\mrs_8\mrs_8.v" line 326: Output port <z6> of the instance <lm> is unconnected or connected to loadless signal.
INFO:Xst:3210 - "F:\BTECH\Mini Project\Barell shifter\ISE\8 bit masking rotating shifter\mrs_8\mrs_8.v" line 326: Output port <z7> of the instance <lm> is unconnected or connected to loadless signal.
INFO:Xst:3210 - "F:\BTECH\Mini Project\Barell shifter\ISE\8 bit masking rotating shifter\mrs_8\mrs_8.v" line 339: Output port <e> of the instance <rotaten> is unconnected or connected to loadless signal.
INFO:Xst:3210 - "F:\BTECH\Mini Project\Barell shifter\ISE\8 bit masking rotating shifter\mrs_8\mrs_8.v" line 339: Output port <onecplselect> of the instance <rotaten> is unconnected or connected to loadless signal.
    Summary:
	no macro.
Unit <mrs_8> synthesized.

Synthesizing Unit <inv_mask_decoder>.
    Related source file is "F:\BTECH\Mini Project\Barell shifter\ISE\8 bit masking rotating shifter\mrs_8\mrs_8.v".
WARNING:Xst:653 - Signal <g01> is used but never assigned. This sourceless signal will be automatically connected to value GND.
WARNING:Xst:653 - Signal <g02> is used but never assigned. This sourceless signal will be automatically connected to value GND.
WARNING:Xst:653 - Signal <g03> is used but never assigned. This sourceless signal will be automatically connected to value GND.
    Summary:
	no macro.
Unit <inv_mask_decoder> synthesized.

Synthesizing Unit <lrot_8>.
    Related source file is "F:\BTECH\Mini Project\Barell shifter\ISE\8 bit masking rotating shifter\mrs_8\mrs_8.v".
    Summary:
	no macro.
Unit <lrot_8> synthesized.

Synthesizing Unit <mux2x1>.
    Related source file is "F:\BTECH\Mini Project\Barell shifter\ISE\8 bit masking rotating shifter\mrs_8\mrs_8.v".
    Summary:
	inferred   1 Multiplexer(s).
Unit <mux2x1> synthesized.

Synthesizing Unit <onescplbidir_rot_8>.
    Related source file is "F:\BTECH\Mini Project\Barell shifter\ISE\8 bit masking rotating shifter\mrs_8\mrs_8.v".
INFO:Xst:3210 - "F:\BTECH\Mini Project\Barell shifter\ISE\8 bit masking rotating shifter\mrs_8\mrs_8.v" line 173: Output port <y0> of the instance <rr8> is unconnected or connected to loadless signal.
INFO:Xst:3210 - "F:\BTECH\Mini Project\Barell shifter\ISE\8 bit masking rotating shifter\mrs_8\mrs_8.v" line 173: Output port <y1> of the instance <rr8> is unconnected or connected to loadless signal.
INFO:Xst:3210 - "F:\BTECH\Mini Project\Barell shifter\ISE\8 bit masking rotating shifter\mrs_8\mrs_8.v" line 173: Output port <y2> of the instance <rr8> is unconnected or connected to loadless signal.
INFO:Xst:3210 - "F:\BTECH\Mini Project\Barell shifter\ISE\8 bit masking rotating shifter\mrs_8\mrs_8.v" line 173: Output port <y3> of the instance <rr8> is unconnected or connected to loadless signal.
INFO:Xst:3210 - "F:\BTECH\Mini Project\Barell shifter\ISE\8 bit masking rotating shifter\mrs_8\mrs_8.v" line 173: Output port <y4> of the instance <rr8> is unconnected or connected to loadless signal.
INFO:Xst:3210 - "F:\BTECH\Mini Project\Barell shifter\ISE\8 bit masking rotating shifter\mrs_8\mrs_8.v" line 173: Output port <y5> of the instance <rr8> is unconnected or connected to loadless signal.
INFO:Xst:3210 - "F:\BTECH\Mini Project\Barell shifter\ISE\8 bit masking rotating shifter\mrs_8\mrs_8.v" line 173: Output port <y6> of the instance <rr8> is unconnected or connected to loadless signal.
INFO:Xst:3210 - "F:\BTECH\Mini Project\Barell shifter\ISE\8 bit masking rotating shifter\mrs_8\mrs_8.v" line 173: Output port <y7> of the instance <rr8> is unconnected or connected to loadless signal.
INFO:Xst:3210 - "F:\BTECH\Mini Project\Barell shifter\ISE\8 bit masking rotating shifter\mrs_8\mrs_8.v" line 173: Output port <z0> of the instance <rr8> is unconnected or connected to loadless signal.
INFO:Xst:3210 - "F:\BTECH\Mini Project\Barell shifter\ISE\8 bit masking rotating shifter\mrs_8\mrs_8.v" line 173: Output port <z1> of the instance <rr8> is unconnected or connected to loadless signal.
INFO:Xst:3210 - "F:\BTECH\Mini Project\Barell shifter\ISE\8 bit masking rotating shifter\mrs_8\mrs_8.v" line 173: Output port <z2> of the instance <rr8> is unconnected or connected to loadless signal.
INFO:Xst:3210 - "F:\BTECH\Mini Project\Barell shifter\ISE\8 bit masking rotating shifter\mrs_8\mrs_8.v" line 173: Output port <z3> of the instance <rr8> is unconnected or connected to loadless signal.
INFO:Xst:3210 - "F:\BTECH\Mini Project\Barell shifter\ISE\8 bit masking rotating shifter\mrs_8\mrs_8.v" line 173: Output port <z4> of the instance <rr8> is unconnected or connected to loadless signal.
INFO:Xst:3210 - "F:\BTECH\Mini Project\Barell shifter\ISE\8 bit masking rotating shifter\mrs_8\mrs_8.v" line 173: Output port <z5> of the instance <rr8> is unconnected or connected to loadless signal.
INFO:Xst:3210 - "F:\BTECH\Mini Project\Barell shifter\ISE\8 bit masking rotating shifter\mrs_8\mrs_8.v" line 173: Output port <z6> of the instance <rr8> is unconnected or connected to loadless signal.
INFO:Xst:3210 - "F:\BTECH\Mini Project\Barell shifter\ISE\8 bit masking rotating shifter\mrs_8\mrs_8.v" line 173: Output port <z7> of the instance <rr8> is unconnected or connected to loadless signal.
    Summary:
Unit <onescplbidir_rot_8> synthesized.

Synthesizing Unit <rr_1>.
    Related source file is "F:\BTECH\Mini Project\Barell shifter\ISE\8 bit masking rotating shifter\mrs_8\mrs_8.v".
    Summary:
	no macro.
Unit <rr_1> synthesized.

Synthesizing Unit <rrot_8>.
    Related source file is "F:\BTECH\Mini Project\Barell shifter\ISE\8 bit masking rotating shifter\mrs_8\mrs_8.v".
    Summary:
	no macro.
Unit <rrot_8> synthesized.

Synthesizing Unit <mux4x1>.
    Related source file is "F:\BTECH\Mini Project\Barell shifter\ISE\8 bit masking rotating shifter\mrs_8\mrs_8.v".
    Found 1-bit 4-to-1 multiplexer for signal <mux4out> created at line 44.
    Summary:
	inferred   1 Multiplexer(s).
Unit <mux4x1> synthesized.

=========================================================================
HDL Synthesis Report

Macro Statistics
# Multiplexers                                         : 64
 1-bit 2-to-1 multiplexer                              : 56
 1-bit 4-to-1 multiplexer                              : 8
# Xors                                                 : 3
 1-bit xor2                                            : 3

=========================================================================

=========================================================================
*                       Advanced HDL Synthesis                          *
=========================================================================


=========================================================================
Advanced HDL Synthesis Report

Macro Statistics
# Multiplexers                                         : 64
 1-bit 2-to-1 multiplexer                              : 56
 1-bit 4-to-1 multiplexer                              : 8
# Xors                                                 : 3
 1-bit xor2                                            : 3

=========================================================================

=========================================================================
*                         Low Level Synthesis                           *
=========================================================================

Optimizing unit <mrs_8> ...

Mapping all equations...
Building and optimizing final netlist ...
Found area constraint ratio of 100 (+ 5) on block mrs_8, actual ratio is 0.

Final Macro Processing ...

=========================================================================
Final Register Report

Found no macro
=========================================================================

=========================================================================
*                           Partition Report                            *
=========================================================================

Partition Implementation Status
-------------------------------

  No Partitions were found in this design.

-------------------------------

=========================================================================
*                            Design Summary                             *
=========================================================================

Top Level Output File Name         : mrs_8.ngc

Primitive and Black Box Usage:
------------------------------
# BELS                             : 52
#      GND                         : 1
#      LUT2                        : 2
#      LUT3                        : 10
#      LUT4                        : 14
#      LUT5                        : 12
#      LUT6                        : 12
#      VCC                         : 1
# IO Buffers                       : 104
#      IBUF                        : 13
#      OBUF                        : 91

Device utilization summary:
---------------------------

Selected Device : 6slx75tfgg676-2 


Slice Logic Utilization: 
 Number of Slice LUTs:                   50  out of  46648     0%  
    Number used as Logic:                50  out of  46648     0%  

Slice Logic Distribution: 
 Number of LUT Flip Flop pairs used:     50
   Number with an unused Flip Flop:      50  out of     50   100%  
   Number with an unused LUT:             0  out of     50     0%  
   Number of fully used LUT-FF pairs:     0  out of     50     0%  
   Number of unique control sets:         0

IO Utilization: 
 Number of IOs:                         104
 Number of bonded IOBs:                 104  out of    348    29%  

Specific Feature Utilization:

---------------------------
Partition Resource Summary:
---------------------------

  No Partitions were found in this design.

---------------------------


=========================================================================
Timing Report

NOTE: THESE TIMING NUMBERS ARE ONLY A SYNTHESIS ESTIMATE.
      FOR ACCURATE TIMING INFORMATION PLEASE REFER TO THE TRACE REPORT
      GENERATED AFTER PLACE-and-ROUTE.

Clock Information:
------------------
No clock signals found in this design

Asynchronous Control Signals Information:
----------------------------------------
No asynchronous control signals found in this design

Timing Summary:
---------------
Speed Grade: -2

   Minimum period: No path found
   Minimum input arrival time before clock: No path found
   Maximum output required time after clock: No path found
   Maximum combinational path delay: 10.111ns

Timing Details:
---------------
All values displayed in nanoseconds (ns)

=========================================================================
Timing constraint: Default path analysis
  Total number of paths / destination ports: 1640 / 82
-------------------------------------------------------------------------
Delay:               10.111ns (Levels of Logic = 5)
  Source:            mrssel<0> (PAD)
  Destination:       mrsout<5> (PAD)

  Data Path: mrssel<0> to mrsout<5>
                                Gate     Net
    Cell:in->out      fanout   Delay   Delay  Logical Name (Net Name)
    ----------------------------------------  ------------
     IBUF:I->O            36   1.328   2.017  mrssel_0_IBUF (mrssel_0_IBUF)
     LUT5:I0->O            4   0.254   1.080  rotaten/rr8/m01/Mmux_m_out111 (rotaten/rr8/y3)
     LUT6:I2->O            6   0.254   1.331  rotaten/rr8/m21/Mmux_m_out14 (muxin1_0_OBUF)
     LUT6:I0->O            1   0.254   0.681  final1/Mmux_mux4out11 (mrsout_1_OBUF)
     OBUF:I->O                 2.912          mrsout_1_OBUF (mrsout<1>)
    ----------------------------------------
    Total                     10.111ns (5.002ns logic, 5.109ns route)
                                       (49.5% logic, 50.5% route)

=========================================================================

Cross Clock Domains Report:
--------------------------

=========================================================================


Total REAL time to Xst completion: 20.00 secs
Total CPU time to Xst completion: 19.95 secs
 
--> 

Total memory usage is 291408 kilobytes

Number of errors   :    0 (   0 filtered)
Number of warnings :    7 (   0 filtered)
Number of infos    :   46 (   0 filtered)

