Running: C:\Xilinx\14.7\ISE_DS\ISE\bin\nt64\unwrapped\fuse.exe -intstyle ise -incremental -lib unisims_ver -lib unimacro_ver -lib xilinxcorelib_ver -lib secureip -o F:/BTECH/Mini Project/Barell shifter/ISE/inv_mask decoder/inv_mask_decoder/t_inv_mask_decoder_isim_beh.exe -prj F:/BTECH/Mini Project/Barell shifter/ISE/inv_mask decoder/inv_mask_decoder/t_inv_mask_decoder_beh.prj work.t_inv_mask_decoder work.glbl 
ISim P.20131013 (signature 0x7708f090)
Number of CPUs detected in this system: 4
Turning on mult-threading, number of parallel sub-compilation jobs: 8 
Determining compilation order of HDL files
Analyzing Verilog file "F:/BTECH/Mini Project/Barell shifter/ISE/inv_mask decoder/inv_mask_decoder/inv_mask_decoder.v" into library work
Analyzing Verilog file "F:/BTECH/Mini Project/Barell shifter/ISE/inv_mask decoder/inv_mask_decoder/t_inv_mask_decoder.v" into library work
Analyzing Verilog file "C:/Xilinx/14.7/ISE_DS/ISE//verilog/src/glbl.v" into library work
Starting static elaboration
WARNING:HDLCompiler:1016 - "F:/BTECH/Mini Project/Barell shifter/ISE/inv_mask decoder/inv_mask_decoder/t_inv_mask_decoder.v" Line 34: Port db0 is not connected to this instance
Completed static elaboration
Compiling module inv_mask_decoder
Compiling module t_inv_mask_decoder
Compiling module glbl
Time Resolution for simulation is 1ps.
Waiting for 1 sub-compilation(s) to finish...
Compiled 3 Verilog Units
Built simulation executable F:/BTECH/Mini Project/Barell shifter/ISE/inv_mask decoder/inv_mask_decoder/t_inv_mask_decoder_isim_beh.exe
Fuse Memory Usage: 28124 KB
Fuse CPU Usage: 405 ms
