Command line:
   t_mux2x1_isim_beh.exe
     -simmode  gui
     -simrunnum  0
     -socket  59099

Mon Mar 13 22:44:09 2017


 Elaboration Time: 0.03125 sec

 Current Memory Usage: 841.572 Meg

 Total Signals          : 17
 Total Nets             : 17
 Total Signal Drivers   : 9
 Total Blocks           : 3
 Total Primitive Blocks : 2
 Total Processes        : 12
 Total Traceable Variables  : 22
 Total Scalar Nets and Variables : 101
Total Line Count : 28

 Total Simulation Time: 0.265625 sec

 Current Memory Usage: 684.286 Meg

Mon Mar 13 22:48:49 2017

