--------------------------------------------------------------------------------
Release 14.7 Trace  (nt64)
Copyright (c) 1995-2013 Xilinx, Inc.  All rights reserved.

C:\Xilinx\14.7\ISE_DS\ISE\bin\nt64\unwrapped\trce.exe -intstyle ise -v 3 -s 2
-n 3 -fastpaths -xml lrot_8.twx lrot_8.ncd -o lrot_8.twr lrot_8.pcf

Design file:              lrot_8.ncd
Physical constraint file: lrot_8.pcf
Device,package,speed:     xc6slx4,tqg144,C,-2 (PRODUCTION 1.23 2013-10-13)
Report level:             verbose report

Environment Variable      Effect 
--------------------      ------ 
NONE                      No environment variables were set
--------------------------------------------------------------------------------

INFO:Timing:2698 - No timing constraints found, doing default enumeration.
INFO:Timing:3412 - To improve timing, see the Timing Closure User Guide (UG612).
INFO:Timing:2752 - To get complete path coverage, use the unconstrained paths 
   option. All paths that are not constrained will be reported in the 
   unconstrained paths section(s) of the report.
INFO:Timing:3339 - The clock-to-out numbers in this timing report are based on 
   a 50 Ohm transmission line loading model.  For the details of this model, 
   and for more information on accounting for different loading conditions, 
   please see the device datasheet.



Data Sheet report:
-----------------
All values displayed in nanoseconds (ns)

Pad to Pad
---------------+---------------+---------+
Source Pad     |Destination Pad|  Delay  |
---------------+---------------+---------+
lrdata<0>      |lrout<0>       |   12.987|
lrdata<0>      |lrout<1>       |   13.106|
lrdata<0>      |lrout<2>       |   14.231|
lrdata<0>      |lrout<3>       |   13.342|
lrdata<0>      |lrout<4>       |   12.719|
lrdata<0>      |lrout<5>       |   13.045|
lrdata<0>      |lrout<6>       |   12.915|
lrdata<0>      |lrout<7>       |   13.311|
lrdata<0>      |y0             |   13.440|
lrdata<0>      |y1             |   14.021|
lrdata<0>      |z0             |   13.328|
lrdata<0>      |z1             |   13.454|
lrdata<0>      |z2             |   14.023|
lrdata<0>      |z3             |   14.366|
lrdata<1>      |lrout<0>       |   12.615|
lrdata<1>      |lrout<1>       |   13.052|
lrdata<1>      |lrout<2>       |   13.970|
lrdata<1>      |lrout<3>       |   12.706|
lrdata<1>      |lrout<4>       |   12.347|
lrdata<1>      |lrout<5>       |   12.991|
lrdata<1>      |lrout<6>       |   12.654|
lrdata<1>      |lrout<7>       |   12.675|
lrdata<1>      |y1             |   13.881|
lrdata<1>      |y2             |   13.530|
lrdata<1>      |z1             |   13.400|
lrdata<1>      |z2             |   13.762|
lrdata<1>      |z3             |   13.730|
lrdata<1>      |z4             |   12.985|
lrdata<2>      |lrout<0>       |   12.932|
lrdata<2>      |lrout<1>       |   12.685|
lrdata<2>      |lrout<2>       |   14.089|
lrdata<2>      |lrout<3>       |   12.581|
lrdata<2>      |lrout<4>       |   12.664|
lrdata<2>      |lrout<5>       |   12.624|
lrdata<2>      |lrout<6>       |   12.773|
lrdata<2>      |lrout<7>       |   12.550|
lrdata<2>      |y2             |   13.311|
lrdata<2>      |y3             |   13.415|
lrdata<2>      |z2             |   13.881|
lrdata<2>      |z3             |   13.605|
lrdata<2>      |z4             |   13.302|
lrdata<2>      |z5             |   13.704|
lrdata<3>      |lrout<0>       |   12.990|
lrdata<3>      |lrout<1>       |   12.526|
lrdata<3>      |lrout<2>       |   13.765|
lrdata<3>      |lrout<3>       |   12.748|
lrdata<3>      |lrout<4>       |   12.722|
lrdata<3>      |lrout<5>       |   12.465|
lrdata<3>      |lrout<6>       |   12.449|
lrdata<3>      |lrout<7>       |   12.717|
lrdata<3>      |y3             |   13.186|
lrdata<3>      |y4             |   13.785|
lrdata<3>      |z3             |   13.772|
lrdata<3>      |z4             |   13.360|
lrdata<3>      |z5             |   13.545|
lrdata<3>      |z6             |   13.812|
lrdata<4>      |lrout<0>       |   12.627|
lrdata<4>      |lrout<1>       |   12.466|
lrdata<4>      |lrout<2>       |   13.526|
lrdata<4>      |lrout<3>       |   12.269|
lrdata<4>      |lrout<4>       |   12.359|
lrdata<4>      |lrout<5>       |   12.405|
lrdata<4>      |lrout<6>       |   12.210|
lrdata<4>      |lrout<7>       |   12.238|
lrdata<4>      |y4             |   13.877|
lrdata<4>      |y5             |   13.851|
lrdata<4>      |z4             |   12.997|
lrdata<4>      |z5             |   13.485|
lrdata<4>      |z6             |   13.573|
lrdata<4>      |z7             |   12.989|
lrdata<5>      |lrout<0>       |   12.859|
lrdata<5>      |lrout<1>       |   12.256|
lrdata<5>      |lrout<2>       |   13.849|
lrdata<5>      |lrout<3>       |   12.418|
lrdata<5>      |lrout<4>       |   12.591|
lrdata<5>      |lrout<5>       |   12.195|
lrdata<5>      |lrout<6>       |   12.533|
lrdata<5>      |lrout<7>       |   12.387|
lrdata<5>      |y5             |   13.648|
lrdata<5>      |y6             |   13.467|
lrdata<5>      |z0             |   13.200|
lrdata<5>      |z5             |   13.275|
lrdata<5>      |z6             |   13.896|
lrdata<5>      |z7             |   13.138|
lrdata<6>      |lrout<0>       |   13.235|
lrdata<6>      |lrout<1>       |   12.370|
lrdata<6>      |lrout<2>       |   13.333|
lrdata<6>      |lrout<3>       |   11.974|
lrdata<6>      |lrout<4>       |   12.967|
lrdata<6>      |lrout<5>       |   12.309|
lrdata<6>      |lrout<6>       |   12.017|
lrdata<6>      |lrout<7>       |   11.943|
lrdata<6>      |y6             |   13.377|
lrdata<6>      |y7             |   13.422|
lrdata<6>      |z0             |   13.576|
lrdata<6>      |z1             |   12.718|
lrdata<6>      |z6             |   13.380|
lrdata<6>      |z7             |   12.694|
lrdata<7>      |lrout<0>       |   12.964|
lrdata<7>      |lrout<1>       |   12.639|
lrdata<7>      |lrout<2>       |   13.680|
lrdata<7>      |lrout<3>       |   11.958|
lrdata<7>      |lrout<4>       |   12.696|
lrdata<7>      |lrout<5>       |   12.578|
lrdata<7>      |lrout<6>       |   12.364|
lrdata<7>      |lrout<7>       |   11.927|
lrdata<7>      |y0             |   12.625|
lrdata<7>      |y7             |   13.322|
lrdata<7>      |z0             |   13.305|
lrdata<7>      |z1             |   12.987|
lrdata<7>      |z2             |   13.472|
lrdata<7>      |z7             |   12.678|
lrsel<0>       |lrout<0>       |   12.822|
lrsel<0>       |lrout<1>       |   12.625|
lrsel<0>       |lrout<2>       |   13.844|
lrsel<0>       |lrout<3>       |   12.458|
lrsel<0>       |lrout<4>       |   12.554|
lrsel<0>       |lrout<5>       |   12.564|
lrsel<0>       |lrout<6>       |   12.528|
lrsel<0>       |lrout<7>       |   12.427|
lrsel<0>       |sel<0>         |    7.746|
lrsel<0>       |y0             |   13.698|
lrsel<0>       |y1             |   14.279|
lrsel<0>       |y2             |   13.387|
lrsel<0>       |y3             |   13.491|
lrsel<0>       |y4             |   13.682|
lrsel<0>       |y5             |   13.656|
lrsel<0>       |y6             |   13.181|
lrsel<0>       |y7             |   13.226|
lrsel<0>       |z0             |   13.163|
lrsel<0>       |z1             |   12.973|
lrsel<0>       |z2             |   13.636|
lrsel<0>       |z3             |   13.206|
lrsel<0>       |z4             |   12.562|
lrsel<0>       |z5             |   13.263|
lrsel<0>       |z6             |   13.196|
lrsel<0>       |z7             |   13.178|
lrsel<1>       |lrout<0>       |   13.914|
lrsel<1>       |lrout<1>       |   13.867|
lrsel<1>       |lrout<2>       |   14.648|
lrsel<1>       |lrout<3>       |   13.208|
lrsel<1>       |lrout<4>       |   13.646|
lrsel<1>       |lrout<5>       |   13.806|
lrsel<1>       |lrout<6>       |   13.332|
lrsel<1>       |lrout<7>       |   13.177|
lrsel<1>       |sel<1>         |    8.061|
lrsel<1>       |z0             |   14.255|
lrsel<1>       |z1             |   14.215|
lrsel<1>       |z2             |   14.440|
lrsel<1>       |z3             |   14.232|
lrsel<1>       |z4             |   13.907|
lrsel<1>       |z5             |   14.545|
lrsel<1>       |z6             |   14.550|
lrsel<1>       |z7             |   13.849|
lrsel<2>       |lrout<0>       |   12.507|
lrsel<2>       |lrout<1>       |   12.220|
lrsel<2>       |lrout<2>       |   13.424|
lrsel<2>       |lrout<3>       |   11.955|
lrsel<2>       |lrout<4>       |   12.239|
lrsel<2>       |lrout<5>       |   12.159|
lrsel<2>       |lrout<6>       |   12.108|
lrsel<2>       |lrout<7>       |   11.924|
lrsel<2>       |sel<2>         |    7.488|
---------------+---------------+---------+


Analysis completed Sun Apr 23 14:50:08 2017 
--------------------------------------------------------------------------------

Trace Settings:
-------------------------
Trace Settings 

Peak Memory Usage: 212 MB



